[2025-06-27T06:32:14.239Z] POST /re/shorturls
[2025-06-27T06:33:02.858Z] GET /shorturls/exmpl1
[2025-06-27T06:33:12.460Z] GET /re/shorturls/exmpl1
[2025-06-27T06:33:42.959Z] GET /exmpl1
[2025-06-27T06:33:47.509Z] GET /re/exmpl1
[2025-06-27T06:34:22.912Z] GET /re/shorturls/exmpl1
[2025-06-27T06:39:02.428Z] POST /re/shorturls
[2025-06-27T06:39:15.632Z] GET /google1
[2025-06-27T06:39:58.866Z] GET /google1
[2025-06-27T06:40:39.708Z] GET /google1
[2025-06-27T06:40:54.644Z] GET /re/shorturls/google1
[2025-06-27T06:41:29.986Z] POST /shorturls
[2025-06-27T06:41:33.789Z] POST /shorturls
[2025-06-27T06:41:35.995Z] GET /google2
[2025-06-27T07:00:41.624Z] POST /shorturls
[2025-06-27T07:00:43.112Z] GET /glg
[2025-06-27T07:01:39.007Z] POST /shorturls
[2025-06-27T07:02:10.722Z] POST /shorturls
[2025-06-27T07:02:14.788Z] POST /shorturls
[2025-06-27T07:02:18.140Z] GET /ggdd
[2025-06-27T07:03:29.154Z] POST /shorturls
[2025-06-27T07:14:26.756Z] POST /shorturls
[2025-06-27T07:16:27.750Z] GET /stats
[2025-06-27T07:16:27.831Z] GET /stats
[2025-06-27T07:16:56.858Z] POST /shorturls
[2025-06-27T07:17:00.698Z] GET /hhhhhhhh
[2025-06-27T07:17:00.830Z] GET /www.google.com
[2025-06-27T07:17:00.912Z] GET /favicon.ico
[2025-06-27T07:18:15.850Z] POST /shorturls
[2025-06-27T07:18:18.555Z] GET /eee
[2025-06-27T07:20:10.077Z] POST /shorturls
[2025-06-27T07:20:12.115Z] GET /yyy
[2025-06-27T07:20:15.568Z] GET /stats
[2025-06-27T07:20:15.631Z] GET /stats
[2025-06-27T07:23:32.377Z] POST /shorturls
[2025-06-27T07:23:33.970Z] GET /hello
[2025-06-27T07:23:56.576Z] POST /shorturls
[2025-06-27T07:24:10.870Z] GET /shorturls/http://localhost:5050/ggggeee
[2025-06-27T07:27:41.868Z] GET /shorturls/http://localhost:5050/ggggeee
[2025-06-27T07:28:38.082Z] GET /shorturls/http://localhost:5050/ggggeee
[2025-06-27T07:29:34.596Z] GET /shorturls/ggggeee
[2025-06-27T07:29:41.815Z] GET /ggggeee
[2025-06-27T07:29:43.614Z] GET /shorturls/ggggeee
[2025-06-27T07:31:47.780Z] POST /shorturls
[2025-06-27T07:31:49.375Z] GET /ss
[2025-06-27T07:31:57.892Z] GET /shorturls/ss
[2025-06-27T07:48:41.737Z] POST /shorturls
[2025-06-27T07:48:43.185Z] GET /wiki
[2025-06-27T07:48:50.703Z] GET /shorturls/wiki
[2025-06-27T07:50:03.056Z] POST /shorturls
[2025-06-27T07:50:06.098Z] GET /yyyy
[2025-06-27T07:50:12.218Z] GET /shorturls/yyyy
